<?xml version="1.0" encoding="UTF-8"?>
<!-- Generated by org.testng.reporters.JUnitReportReporter -->
<testsuite hostname="Abhijith" failures="0" tests="1" name="demo.SimpleTest" time="3.421" errors="0" timestamp="2023-12-28T12:26:48 IST" skipped="0">
  <testcase classname="demo.SimpleTest" name="test" time="3.421"/>
  <system-out>
    <![CDATA[SimpleTest class executed...]]>
  </system-out>
</testsuite> <!-- demo.SimpleTest -->
