<?xml version="1.0" encoding="UTF-8"?>
<!-- Generated by org.testng.reporters.JUnitReportReporter -->
<testsuite hostname="Abhijith" failures="0" tests="1" name="companies.WiproTest" time="7.234" errors="0" timestamp="2023-12-28T12:26:48 IST" skipped="0">
  <testcase classname="companies.WiproTest" name="launchWipro" time="7.234"/>
  <system-out>
    <![CDATA[Wipro launched]]>
  </system-out>
</testsuite> <!-- companies.WiproTest -->
