<?xml version="1.0" encoding="UTF-8"?>
<!-- Generated by org.testng.reporters.JUnitReportReporter -->
<testsuite hostname="Abhijith" failures="0" tests="1" name="companies.TestYantraTest" time="3.084" errors="0" timestamp="2023-12-28T12:26:48 IST" skipped="0">
  <testcase classname="companies.TestYantraTest" name="launchTestYantra" time="3.084"/>
  <system-out>
    <![CDATA[TestYantra launched]]>
  </system-out>
</testsuite> <!-- companies.TestYantraTest -->
