<?xml version="1.0" encoding="UTF-8"?>
<!-- Generated by org.testng.reporters.JUnitReportReporter -->
<testsuite hostname="Abhijith" failures="0" tests="1" name="companies.TCSTest" time="2.327" errors="0" timestamp="2023-12-28T12:26:48 IST" skipped="0">
  <testcase classname="companies.TCSTest" name="launchTCS" time="2.327"/>
  <system-out>
    <![CDATA[TCS launched]]>
  </system-out>
</testsuite> <!-- companies.TCSTest -->
