<?xml version="1.0" encoding="UTF-8"?>
<!-- Generated by org.testng.reporters.JUnitReportReporter -->
<testsuite hostname="Abhijith" failures="0" tests="1" name="demo.MavenParameter" time="3.297" errors="0" timestamp="2023-12-28T14:17:08 IST" skipped="0">
  <testcase classname="demo.MavenParameter" name="recieveData" time="3.297"/>
  <system-out>
    <![CDATA[MavenParameter class executed...
https://demowebshop.tricentis.com/login]]>
  </system-out>
</testsuite> <!-- demo.MavenParameter -->
