<?xml version="1.0" encoding="UTF-8"?>
<!-- Generated by org.testng.reporters.JUnitReportReporter -->
<testsuite hostname="Abhijith" failures="0" tests="1" name="extentreports.ToAddScreenShotInExtentReport" time="4.491" errors="0" timestamp="2023-12-29T12:12:50 IST" skipped="0">
  <testcase classname="extentreports.ToAddScreenShotInExtentReport" name="screenshot" time="4.491"/>
</testsuite> <!-- extentreports.ToAddScreenShotInExtentReport -->
