<?xml version="1.0" encoding="UTF-8"?>
<!-- Generated by org.testng.reporters.JUnitReportReporter -->
<testsuite hostname="Abhijith" failures="0" tests="1" name="extentreports.ToLearnExtentReport" time="0.407" errors="0" timestamp="2023-12-29T11:46:01 IST" skipped="0">
  <testcase classname="extentreports.ToLearnExtentReport" name="report" time="0.407"/>
</testsuite> <!-- extentreports.ToLearnExtentReport -->
