<?xml version="1.0" encoding="UTF-8"?>
<!-- Generated by org.testng.reporters.JUnitReportReporter -->
<testsuite hostname="Abhijith" failures="0" tests="1" name="books.TC_DWS_001_Test" time="4.178" errors="0" timestamp="2023-12-29T12:44:46 IST" skipped="0">
  <testcase classname="books.TC_DWS_001_Test" name="booksTest" time="4.178"/>
</testsuite> <!-- books.TC_DWS_001_Test -->
