<?xml version="1.0" encoding="UTF-8"?>
<!-- Generated by org.testng.reporters.JUnitReportReporter -->
<testsuite hostname="Abhijith" failures="0" tests="1" name="demo.Simple" time="0.008" errors="0" timestamp="2023-12-28T11:01:10 IST" skipped="0">
  <testcase classname="demo.Simple" name="test" time="0.008">
    <system-out>
      <![CDATA[Simple class executed...]]>
    </system-out>
  </testcase> <!-- test -->
  <system-out>
    <![CDATA[Simple class executed...]]>
  </system-out>
</testsuite> <!-- demo.Simple -->
